<?xml version="1.0" encoding="UTF-8"?>
<!-- Generated by org.testng.reporters.JUnitReportReporter -->
<testsuite hostname="smitha-ThinkPad-T430s" failures="0" tests="2" name="Test.Axelerant" time="135.072" errors="0" timestamp="2021-07-11T19:41:40 IST" skipped="0">
  <testcase classname="Test.Axelerant" name="assingnmetC" time="87.566"/>
  <system-out>
    <![CDATA[Entered User Name]]>
  </system-out>
  <testcase classname="Test.Axelerant" name="assingnmetAB" time="47.506"/>
  <system-out>
    <![CDATA[Entered User Name
Found Error in the log page]]>
  </system-out>
</testsuite> <!-- Test.Axelerant -->
