<?xml version="1.0" encoding="UTF-8"?>
<!-- Generated by org.testng.reporters.JUnitReportReporter -->
<testsuite hostname="smitha-ThinkPad-T430s" failures="0" tests="1" name="Test.NewTest" time="1.207" errors="0" timestamp="2021-07-10T21:00:16 IST" skipped="0">
  <testcase classname="Test.NewTest" name="f" time="1.207"/>
  <system-out/>
</testsuite> <!-- Test.NewTest -->
